2020-07-06 05:07:379 INFO  DriverClass :35 - propertyfile is loaded
2020-07-06 05:07:384 INFO  DriverClass :37 - Properyfile is readed
2020-07-06 05:07:934 INFO  DriverClass :45 - Chrome Browser is opened
2020-07-06 05:07:502 INFO  DriverClass :53 - URL is opened
2020-07-06 05:07:556 INFO  DriverClass :18 - login link is clicked
2020-07-06 05:07:580 INFO  DriverClass :23 - LoginPage title nopCommerce demo store. Login is verified
2020-07-06 05:07:587 INFO  DriverClass :119 - Expected URL of page is https://demo.nopcommerce.com/login?returnUrl=%2F
2020-07-06 05:07:587 INFO  DriverClass :120 - Actual URL of page is https://demo.nopcommerce.com/login?returnUrl=%2F
2020-07-06 05:07:588 INFO  DriverClass :26 - URL of login page is https://demo.nopcommerce.com/login?returnUrl=%2F is verified
2020-07-06 05:07:691 INFO  DriverClass :61 - Browser is closed
2020-07-06 05:07:694 INFO  DriverClass :35 - propertyfile is loaded
2020-07-06 05:07:696 INFO  DriverClass :37 - Properyfile is readed
2020-07-06 05:07:952 INFO  DriverClass :45 - Chrome Browser is opened
2020-07-06 05:07:945 INFO  DriverClass :53 - URL is opened
2020-07-06 05:07:950 INFO  DriverClass :18 - login link is clicked
2020-07-06 05:07:540 INFO  DriverClass :37 - I see the error message is  Login was unsuccessful. Please correct the errors and try again.
No customer account found
2020-07-06 05:07:634 INFO  DriverClass :61 - Browser is closed
2020-07-06 05:07:648 INFO  DriverClass :35 - propertyfile is loaded
2020-07-06 05:07:649 INFO  DriverClass :37 - Properyfile is readed
2020-07-06 05:07:908 INFO  DriverClass :45 - Chrome Browser is opened
2020-07-06 05:07:588 INFO  DriverClass :53 - URL is opened
2020-07-06 05:07:495 INFO  DriverClass :18 - login link is clicked
2020-07-06 05:07:173 INFO  DriverClass :37 - I see the error message is  Login was unsuccessful. Please correct the errors and try again.
No customer account found
2020-07-06 05:07:270 INFO  DriverClass :61 - Browser is closed
2020-07-06 05:07:272 INFO  DriverClass :35 - propertyfile is loaded
2020-07-06 05:07:273 INFO  DriverClass :37 - Properyfile is readed
2020-07-06 05:07:525 INFO  DriverClass :45 - Chrome Browser is opened
2020-07-06 05:07:204 INFO  DriverClass :53 - URL is opened
2020-07-06 05:07:151 INFO  DriverClass :18 - login link is clicked
2020-07-06 05:07:910 INFO  DriverClass :37 - I see the error message is  Login was unsuccessful. Please correct the errors and try again.
No customer account found
2020-07-06 05:07:17 INFO  DriverClass :61 - Browser is closed
2020-07-06 05:07:18 INFO  DriverClass :35 - propertyfile is loaded
2020-07-06 05:07:19 INFO  DriverClass :37 - Properyfile is readed
2020-07-06 05:07:279 INFO  DriverClass :45 - Chrome Browser is opened
2020-07-06 05:07:888 INFO  DriverClass :53 - URL is opened
2020-07-06 05:07:762 INFO  DriverClass :18 - login link is clicked
2020-07-06 05:07:802 INFO  DriverClass :37 - I see the error message is  Login was unsuccessful. Please correct the errors and try again.
No customer account found
2020-07-06 05:07:897 INFO  DriverClass :61 - Browser is closed
2020-07-06 05:07:900 INFO  DriverClass :35 - propertyfile is loaded
2020-07-06 05:07:900 INFO  DriverClass :37 - Properyfile is readed
2020-07-06 05:07:159 INFO  DriverClass :45 - Chrome Browser is opened
2020-07-06 05:07:749 INFO  DriverClass :53 - URL is opened
2020-07-06 05:07:546 INFO  DriverClass :18 - login link is clicked
2020-07-06 05:07:80 INFO  DriverClass :37 - I see the error message is  Login was unsuccessful. Please correct the errors and try again.
No customer account found
2020-07-06 05:07:167 INFO  DriverClass :61 - Browser is closed
2020-11-12 21:11:765 INFO  DriverClass :35 - propertyfile is loaded
2020-11-12 21:11:781 INFO  DriverClass :37 - Properyfile is readed
2020-11-12 21:11:943 INFO  DriverClass :45 - Chrome Browser is opened
2020-11-12 21:11:409 INFO  DriverClass :53 - URL is opened
2020-11-12 21:11:79 INFO  DriverClass :18 - login link is clicked
2020-11-12 21:11:95 INFO  DriverClass :23 - LoginPage title nopCommerce demo store. Login is verified
2020-11-12 21:11:103 INFO  DriverClass :119 - Expected URL of page is https://demo.nopcommerce.com/login?returnUrl=%2F
2020-11-12 21:11:103 INFO  DriverClass :120 - Actual URL of page is https://demo.nopcommerce.com/login?returnUrl=%2F
2020-11-12 21:11:103 INFO  DriverClass :26 - URL of login page is https://demo.nopcommerce.com/login?returnUrl=%2F is verified
2020-11-12 21:11:247 INFO  DriverClass :61 - Browser is closed
2020-11-12 21:11:247 INFO  DriverClass :35 - propertyfile is loaded
2020-11-12 21:11:247 INFO  DriverClass :37 - Properyfile is readed
2020-11-12 21:11:681 INFO  DriverClass :45 - Chrome Browser is opened
2020-11-12 21:11:629 INFO  DriverClass :35 - propertyfile is loaded
2020-11-12 21:11:629 INFO  DriverClass :37 - Properyfile is readed
2020-11-12 21:11:826 INFO  DriverClass :45 - Chrome Browser is opened
2020-12-03 18:12:600 INFO  DriverClass :35 - propertyfile is loaded
2020-12-03 18:12:600 INFO  DriverClass :37 - Properyfile is readed
2020-12-03 18:12:151 INFO  DriverClass :45 - Chrome Browser is opened
2020-12-03 18:12:855 INFO  DriverClass :53 - URL is opened
2020-12-03 18:12:593 INFO  DriverClass :18 - login link is clicked
2020-12-03 18:12:601 INFO  DriverClass :23 - LoginPage title nopCommerce demo store. Login is verified
2020-12-03 18:12:609 INFO  DriverClass :119 - Expected URL of page is https://demo.nopcommerce.com/login?returnUrl=%2F
2020-12-03 18:12:609 INFO  DriverClass :120 - Actual URL of page is https://demo.nopcommerce.com/login?returnUrl=%2F
2020-12-03 18:12:609 INFO  DriverClass :26 - URL of login page is https://demo.nopcommerce.com/login?returnUrl=%2F is verified
2020-12-03 18:12:701 INFO  DriverClass :61 - Browser is closed
2020-12-03 18:12:701 INFO  DriverClass :35 - propertyfile is loaded
2020-12-03 18:12:701 INFO  DriverClass :37 - Properyfile is readed
2020-12-03 18:12:69 INFO  DriverClass :45 - Chrome Browser is opened
2020-12-03 18:12:496 INFO  DriverClass :53 - URL is opened
2020-12-03 18:12:921 INFO  DriverClass :18 - login link is clicked
2020-12-03 18:12:802 INFO  DriverClass :61 - Browser is closed
2020-12-03 18:12:802 INFO  DriverClass :35 - propertyfile is loaded
2020-12-03 18:12:802 INFO  DriverClass :37 - Properyfile is readed
2020-12-03 18:12:217 INFO  DriverClass :45 - Chrome Browser is opened
2020-12-03 18:12:443 INFO  DriverClass :53 - URL is opened
2020-12-03 18:12:333 INFO  DriverClass :18 - login link is clicked
2020-12-03 18:12:119 INFO  DriverClass :61 - Browser is closed
2020-12-03 18:12:119 INFO  DriverClass :35 - propertyfile is loaded
2020-12-03 18:12:119 INFO  DriverClass :37 - Properyfile is readed
2020-12-03 18:12:368 INFO  DriverClass :45 - Chrome Browser is opened
2020-12-03 18:12:56 INFO  DriverClass :53 - URL is opened
2020-12-03 18:12:446 INFO  DriverClass :18 - login link is clicked
2020-12-03 18:12:242 INFO  DriverClass :61 - Browser is closed
2020-12-03 18:12:250 INFO  DriverClass :35 - propertyfile is loaded
2020-12-03 18:12:250 INFO  DriverClass :37 - Properyfile is readed
2020-12-03 18:12:683 INFO  DriverClass :45 - Chrome Browser is opened
2020-12-03 18:12:793 INFO  DriverClass :53 - URL is opened
2020-12-03 18:12:221 INFO  DriverClass :18 - login link is clicked
2020-12-03 18:12:974 INFO  DriverClass :61 - Browser is closed
2020-12-03 18:12:974 INFO  DriverClass :35 - propertyfile is loaded
2020-12-03 18:12:974 INFO  DriverClass :37 - Properyfile is readed
2020-12-03 18:12:257 INFO  DriverClass :45 - Chrome Browser is opened
2020-12-03 18:12:483 INFO  DriverClass :53 - URL is opened
2020-12-03 18:12:464 INFO  DriverClass :61 - Browser is closed
2021-07-07 17:07:417 INFO  DriverClass :35 - propertyfile is loaded
2021-07-07 17:07:417 INFO  DriverClass :37 - Properyfile is readed
2021-07-07 17:07:473 INFO  DriverClass :45 - Chrome Browser is opened
2021-07-07 17:07:105 INFO  DriverClass :53 - URL is opened
2021-07-07 17:07:777 INFO  DriverClass :18 - login link is clicked
2021-07-07 17:07:785 INFO  DriverClass :23 - LoginPage title nopCommerce demo store. Login is verified
2021-07-07 17:07:793 INFO  DriverClass :119 - Expected URL of page is https://demo.nopcommerce.com/login?returnUrl=%2F
2021-07-07 17:07:793 INFO  DriverClass :120 - Actual URL of page is https://demo.nopcommerce.com/login?returnUrl=%2F
2021-07-07 17:07:793 INFO  DriverClass :26 - URL of login page is https://demo.nopcommerce.com/login?returnUrl=%2F is verified
2021-07-07 17:07:904 INFO  DriverClass :61 - Browser is closed
2021-07-07 17:07:904 INFO  DriverClass :35 - propertyfile is loaded
2021-07-07 17:07:904 INFO  DriverClass :37 - Properyfile is readed
2021-07-07 17:07:637 INFO  DriverClass :45 - Chrome Browser is opened
2021-07-07 17:07:517 INFO  DriverClass :53 - URL is opened
2021-07-07 17:07:164 INFO  DriverClass :18 - login link is clicked
2021-07-07 17:07:728 INFO  DriverClass :61 - Browser is closed
2021-07-07 17:07:744 INFO  DriverClass :35 - propertyfile is loaded
2021-07-07 17:07:744 INFO  DriverClass :37 - Properyfile is readed
2021-07-07 17:07:289 INFO  DriverClass :45 - Chrome Browser is opened
2021-07-07 17:07:776 INFO  DriverClass :53 - URL is opened
2021-07-07 17:07:119 INFO  DriverClass :18 - login link is clicked
2021-07-07 17:07:607 INFO  DriverClass :61 - Browser is closed
2021-07-07 17:07:607 INFO  DriverClass :35 - propertyfile is loaded
2021-07-07 17:07:607 INFO  DriverClass :37 - Properyfile is readed
2021-07-07 17:07:115 INFO  DriverClass :45 - Chrome Browser is opened
2021-07-07 17:07:531 INFO  DriverClass :53 - URL is opened
2021-07-07 17:07:783 INFO  DriverClass :18 - login link is clicked
2021-07-07 17:07:199 INFO  DriverClass :61 - Browser is closed
2021-07-07 17:07:199 INFO  DriverClass :35 - propertyfile is loaded
2021-07-07 17:07:199 INFO  DriverClass :37 - Properyfile is readed
2021-07-07 17:07:659 INFO  DriverClass :45 - Chrome Browser is opened
2021-07-07 17:07:384 INFO  DriverClass :53 - URL is opened
2021-07-07 17:07:633 INFO  DriverClass :18 - login link is clicked
2021-07-07 17:07:97 INFO  DriverClass :61 - Browser is closed
2021-07-07 17:07:97 INFO  DriverClass :35 - propertyfile is loaded
2021-07-07 17:07:97 INFO  DriverClass :37 - Properyfile is readed
2021-07-07 17:07:10 INFO  DriverClass :45 - Chrome Browser is opened
2021-07-07 17:07:501 INFO  DriverClass :53 - URL is opened
2021-07-07 17:07:768 INFO  DriverClass :18 - login link is clicked
2021-07-07 17:07:222 INFO  DriverClass :61 - Browser is closed
2021-08-28 09:08:00 INFO  DriverClass :35 - propertyfile is loaded
2021-08-28 09:08:03 INFO  DriverClass :37 - Properyfile is readed
2021-08-28 09:08:840 INFO  DriverClass :45 - Chrome Browser is opened
2021-08-28 09:08:228 INFO  DriverClass :53 - URL is opened
2021-08-28 09:08:635 INFO  DriverClass :18 - login link is clicked
2021-08-28 09:08:645 INFO  DriverClass :23 - LoginPage title nopCommerce demo store. Login is verified
2021-08-28 09:08:651 INFO  DriverClass :119 - Expected URL of page is https://demo.nopcommerce.com/login?returnUrl=%2F
2021-08-28 09:08:651 INFO  DriverClass :120 - Actual URL of page is https://demo.nopcommerce.com/login?returnUrl=%2F
2021-08-28 09:08:652 INFO  DriverClass :26 - URL of login page is https://demo.nopcommerce.com/login?returnUrl=%2F is verified
2021-08-28 09:08:754 INFO  DriverClass :61 - Browser is closed
2021-08-28 09:08:756 INFO  DriverClass :35 - propertyfile is loaded
2021-08-28 09:08:757 INFO  DriverClass :37 - Properyfile is readed
2021-08-28 09:08:283 INFO  DriverClass :45 - Chrome Browser is opened
2021-08-28 09:08:739 INFO  DriverClass :53 - URL is opened
2021-08-28 09:08:964 INFO  DriverClass :18 - login link is clicked
2021-08-28 09:08:461 INFO  DriverClass :61 - Browser is closed
2021-08-28 09:08:479 INFO  DriverClass :35 - propertyfile is loaded
2021-08-28 09:08:480 INFO  DriverClass :37 - Properyfile is readed
2021-08-28 09:08:23 INFO  DriverClass :45 - Chrome Browser is opened
2021-08-28 09:08:395 INFO  DriverClass :53 - URL is opened
2021-08-28 09:08:656 INFO  DriverClass :18 - login link is clicked
2021-08-28 09:08:137 INFO  DriverClass :61 - Browser is closed
2021-08-28 09:08:139 INFO  DriverClass :35 - propertyfile is loaded
2021-08-28 09:08:139 INFO  DriverClass :37 - Properyfile is readed
2021-08-28 09:08:699 INFO  DriverClass :45 - Chrome Browser is opened
2021-08-28 09:08:51 INFO  DriverClass :53 - URL is opened
2021-08-28 09:08:287 INFO  DriverClass :18 - login link is clicked
2021-08-28 09:08:716 INFO  DriverClass :61 - Browser is closed
2021-08-28 09:08:718 INFO  DriverClass :35 - propertyfile is loaded
2021-08-28 09:08:718 INFO  DriverClass :37 - Properyfile is readed
2021-08-28 09:08:284 INFO  DriverClass :45 - Chrome Browser is opened
2021-08-28 09:08:630 INFO  DriverClass :53 - URL is opened
2021-08-28 09:08:827 INFO  DriverClass :18 - login link is clicked
2021-08-28 09:08:262 INFO  DriverClass :61 - Browser is closed
2021-08-28 09:08:263 INFO  DriverClass :35 - propertyfile is loaded
2021-08-28 09:08:264 INFO  DriverClass :37 - Properyfile is readed
2021-08-28 09:08:809 INFO  DriverClass :45 - Chrome Browser is opened
2021-08-28 09:08:224 INFO  DriverClass :53 - URL is opened
2021-08-28 09:08:448 INFO  DriverClass :18 - login link is clicked
2021-08-29 23:08:320 INFO  DriverClass :35 - propertyfile is loaded
2021-08-29 23:08:328 INFO  DriverClass :37 - Properyfile is readed
2021-08-29 23:08:481 INFO  DriverClass :45 - Chrome Browser is opened
2021-08-29 23:08:37 INFO  DriverClass :53 - URL is opened
2021-08-29 23:08:511 INFO  DriverClass :18 - login link is clicked
2021-08-29 23:08:527 INFO  DriverClass :23 - LoginPage title nopCommerce demo store. Login is verified
2021-08-29 23:08:535 INFO  DriverClass :119 - Expected URL of page is https://demo.nopcommerce.com/login?returnUrl=%2F
2021-08-29 23:08:535 INFO  DriverClass :120 - Actual URL of page is https://demo.nopcommerce.com/login?returnUrl=%2F
2021-08-29 23:08:535 INFO  DriverClass :26 - URL of login page is https://demo.nopcommerce.com/login?returnUrl=%2F is verified
2021-08-29 23:08:645 INFO  DriverClass :61 - Browser is closed
2021-08-29 23:08:647 INFO  DriverClass :35 - propertyfile is loaded
2021-08-29 23:08:648 INFO  DriverClass :37 - Properyfile is readed
2021-08-29 23:08:243 INFO  DriverClass :45 - Chrome Browser is opened
2021-08-29 23:08:665 INFO  DriverClass :53 - URL is opened
2021-08-29 23:08:159 INFO  DriverClass :18 - login link is clicked
2021-08-29 23:08:893 INFO  DriverClass :35 - propertyfile is loaded
2021-08-29 23:08:893 INFO  DriverClass :37 - Properyfile is readed
2021-08-29 23:08:430 INFO  DriverClass :45 - Chrome Browser is opened
2021-08-29 23:08:885 INFO  DriverClass :53 - URL is opened
2021-08-29 23:08:190 INFO  DriverClass :18 - login link is clicked
2021-08-29 23:08:346 INFO  DriverClass :35 - propertyfile is loaded
2021-08-29 23:08:347 INFO  DriverClass :37 - Properyfile is readed
2021-08-29 23:08:989 INFO  DriverClass :45 - Chrome Browser is opened
2021-08-29 23:08:406 INFO  DriverClass :53 - URL is opened
2021-08-29 23:08:646 INFO  DriverClass :18 - login link is clicked
2021-08-29 23:08:169 INFO  DriverClass :35 - propertyfile is loaded
2021-08-29 23:08:169 INFO  DriverClass :37 - Properyfile is readed
2022-11-13 16:11:14 INFO  DriverClass :35 - propertyfile is loaded
2022-11-13 16:11:22 INFO  DriverClass :37 - Properyfile is readed
2022-11-13 16:11:555 INFO  DriverClass :45 - Chrome Browser is opened
2022-11-13 16:11:619 INFO  DriverClass :53 - URL is opened
2022-11-13 16:11:999 INFO  DriverClass :18 - login link is clicked
2022-11-13 16:11:19 INFO  DriverClass :23 - LoginPage title nopCommerce demo store. Login is verified
2022-11-13 16:11:27 INFO  DriverClass :119 - Expected URL of page is https://demo.nopcommerce.com/login?returnUrl=%2F
2022-11-13 16:11:28 INFO  DriverClass :120 - Actual URL of page is https://demo.nopcommerce.com/login?returnUrl=%2F
2022-11-13 16:11:28 INFO  DriverClass :26 - URL of login page is https://demo.nopcommerce.com/login?returnUrl=%2F is verified
2022-11-13 16:11:176 INFO  DriverClass :61 - Browser is closed
2022-11-13 16:11:179 INFO  DriverClass :35 - propertyfile is loaded
2022-11-13 16:11:181 INFO  DriverClass :37 - Properyfile is readed
2022-11-13 16:11:547 INFO  DriverClass :45 - Chrome Browser is opened
2022-11-13 16:11:612 INFO  DriverClass :53 - URL is opened
2022-11-13 16:11:753 INFO  DriverClass :18 - login link is clicked
2022-11-13 16:11:463 INFO  DriverClass :61 - Browser is closed
2022-11-13 16:11:494 INFO  DriverClass :35 - propertyfile is loaded
2022-11-13 16:11:494 INFO  DriverClass :37 - Properyfile is readed
2022-11-13 16:11:994 INFO  DriverClass :45 - Chrome Browser is opened
2022-11-13 16:11:341 INFO  DriverClass :53 - URL is opened
2022-11-13 16:11:401 INFO  DriverClass :18 - login link is clicked
2022-11-13 16:11:152 INFO  DriverClass :61 - Browser is closed
2022-11-13 16:11:155 INFO  DriverClass :35 - propertyfile is loaded
2022-11-13 16:11:156 INFO  DriverClass :37 - Properyfile is readed
2022-11-13 16:11:511 INFO  DriverClass :45 - Chrome Browser is opened
2022-11-13 16:11:830 INFO  DriverClass :53 - URL is opened
2022-11-13 16:11:977 INFO  DriverClass :18 - login link is clicked
2022-11-13 16:11:697 INFO  DriverClass :61 - Browser is closed
2022-11-13 16:11:699 INFO  DriverClass :35 - propertyfile is loaded
2022-11-13 16:11:700 INFO  DriverClass :37 - Properyfile is readed
2022-11-13 16:11:392 INFO  DriverClass :45 - Chrome Browser is opened
2022-11-13 16:11:115 INFO  DriverClass :53 - URL is opened
2022-11-13 16:11:273 INFO  DriverClass :18 - login link is clicked
2022-11-13 16:11:962 INFO  DriverClass :61 - Browser is closed
2022-11-13 16:11:965 INFO  DriverClass :35 - propertyfile is loaded
2022-11-13 16:11:966 INFO  DriverClass :37 - Properyfile is readed
2022-11-13 16:11:561 INFO  DriverClass :45 - Chrome Browser is opened
2022-11-13 16:11:656 INFO  DriverClass :53 - URL is opened
2022-11-13 16:11:129 INFO  DriverClass :18 - login link is clicked
2022-11-13 16:11:929 INFO  DriverClass :61 - Browser is closed
2022-11-13 19:11:165 INFO  DriverClass :35 - propertyfile is loaded
2022-11-13 19:11:169 INFO  DriverClass :37 - Properyfile is readed
2022-11-13 19:11:328 INFO  DriverClass :45 - Chrome Browser is opened
2022-11-13 19:11:353 INFO  DriverClass :53 - URL is opened
2022-11-13 19:11:601 INFO  DriverClass :18 - login link is clicked
2022-11-13 19:11:613 INFO  DriverClass :23 - LoginPage title nopCommerce demo store. Login is verified
2022-11-13 19:11:618 INFO  DriverClass :119 - Expected URL of page is https://demo.nopcommerce.com/login?returnUrl=%2F
2022-11-13 19:11:618 INFO  DriverClass :120 - Actual URL of page is https://demo.nopcommerce.com/login?returnUrl=%2F
2022-11-13 19:11:619 INFO  DriverClass :26 - URL of login page is https://demo.nopcommerce.com/login?returnUrl=%2F is verified
2022-11-13 19:11:539 INFO  DriverClass :35 - propertyfile is loaded
2022-11-13 19:11:542 INFO  DriverClass :37 - Properyfile is readed
2022-11-13 19:11:917 INFO  DriverClass :50 - Firefox Browser is opened
2022-11-13 19:11:629 INFO  DriverClass :53 - URL is opened
2022-11-13 19:11:20 INFO  DriverClass :18 - login link is clicked
2022-11-13 19:11:34 INFO  DriverClass :23 - LoginPage title nopCommerce demo store. Login is verified
2022-11-13 19:11:40 INFO  DriverClass :119 - Expected URL of page is https://demo.nopcommerce.com/login?returnUrl=%2F
2022-11-13 19:11:41 INFO  DriverClass :120 - Actual URL of page is https://demo.nopcommerce.com/login?returnUrl=%2F
2022-11-13 19:11:41 INFO  DriverClass :26 - URL of login page is https://demo.nopcommerce.com/login?returnUrl=%2F is verified
2022-11-13 19:11:803 INFO  DriverClass :61 - Browser is closed
2022-11-13 19:11:805 INFO  DriverClass :35 - propertyfile is loaded
2022-11-13 19:11:806 INFO  DriverClass :37 - Properyfile is readed
2022-11-13 19:11:395 INFO  DriverClass :50 - Firefox Browser is opened
2022-11-13 19:11:450 INFO  DriverClass :53 - URL is opened
2022-11-13 19:11:659 INFO  DriverClass :18 - login link is clicked
2022-11-13 19:11:495 INFO  DriverClass :35 - propertyfile is loaded
2022-11-13 19:11:496 INFO  DriverClass :37 - Properyfile is readed
2022-11-14 18:11:301 INFO  DriverClass :35 - propertyfile is loaded
2022-11-14 18:11:301 INFO  DriverClass :37 - Properyfile is readed
2022-11-14 18:11:290 INFO  DriverClass :50 - Firefox Browser is opened
2022-11-14 18:11:349 INFO  DriverClass :53 - URL is opened
2022-11-14 18:11:482 INFO  DriverClass :18 - login link is clicked
2022-11-14 18:11:498 INFO  DriverClass :23 - LoginPage title nopCommerce demo store. Login is verified
2022-11-14 18:11:498 INFO  DriverClass :119 - Expected URL of page is https://demo.nopcommerce.com/login?returnUrl=%2F
2022-11-14 18:11:498 INFO  DriverClass :120 - Actual URL of page is https://demo.nopcommerce.com/login?returnUrl=%2F
2022-11-14 18:11:498 INFO  DriverClass :26 - URL of login page is https://demo.nopcommerce.com/login?returnUrl=%2F is verified
2022-11-14 18:11:172 INFO  DriverClass :61 - Browser is closed
2022-11-14 18:11:172 INFO  DriverClass :35 - propertyfile is loaded
2022-11-14 18:11:172 INFO  DriverClass :37 - Properyfile is readed
2022-11-14 18:11:04 INFO  DriverClass :50 - Firefox Browser is opened
2022-11-14 18:11:35 INFO  DriverClass :53 - URL is opened
2022-11-14 18:11:986 INFO  DriverClass :18 - login link is clicked
2022-11-14 18:11:223 INFO  DriverClass :35 - propertyfile is loaded
2022-11-14 18:11:223 INFO  DriverClass :37 - Properyfile is readed
2022-11-14 18:11:57 INFO  DriverClass :50 - Firefox Browser is opened
2022-11-14 18:11:649 INFO  DriverClass :53 - URL is opened
2022-11-14 18:11:601 INFO  DriverClass :18 - login link is clicked
2022-11-14 18:11:969 INFO  DriverClass :35 - propertyfile is loaded
2022-11-14 18:11:969 INFO  DriverClass :37 - Properyfile is readed
2022-11-14 18:11:881 INFO  DriverClass :50 - Firefox Browser is opened
2022-11-14 18:11:929 INFO  DriverClass :53 - URL is opened
2022-11-14 18:11:446 INFO  DriverClass :18 - login link is clicked
2022-11-14 18:11:408 INFO  DriverClass :35 - propertyfile is loaded
2022-11-14 18:11:408 INFO  DriverClass :37 - Properyfile is readed
2022-11-14 18:11:228 INFO  DriverClass :50 - Firefox Browser is opened
2022-11-14 18:11:780 INFO  DriverClass :53 - URL is opened
2022-11-14 18:11:248 INFO  DriverClass :18 - login link is clicked
2022-11-14 18:11:226 INFO  DriverClass :35 - propertyfile is loaded
2022-11-14 18:11:226 INFO  DriverClass :37 - Properyfile is readed
2022-11-14 18:11:22 INFO  DriverClass :50 - Firefox Browser is opened
2022-11-14 18:11:77 INFO  DriverClass :53 - URL is opened
2022-11-14 18:11:601 INFO  DriverClass :18 - login link is clicked
2022-11-14 18:11:451 INFO  DriverClass :61 - Browser is closed
2022-11-14 18:11:98 INFO  DriverClass :35 - propertyfile is loaded
2022-11-14 18:11:98 INFO  DriverClass :37 - Properyfile is readed
2022-11-14 18:11:493 INFO  DriverClass :50 - Firefox Browser is opened
2022-11-14 18:11:560 INFO  DriverClass :53 - URL is opened
2022-11-14 18:11:644 INFO  DriverClass :18 - login link is clicked
2022-11-14 18:11:715 INFO  DriverClass :61 - Browser is closed
2022-11-14 18:11:852 INFO  DriverClass :35 - propertyfile is loaded
2022-11-14 18:11:868 INFO  DriverClass :37 - Properyfile is readed
2022-11-14 18:11:384 INFO  DriverClass :50 - Firefox Browser is opened
2022-11-14 18:11:535 INFO  DriverClass :53 - URL is opened
2022-11-14 18:11:05 INFO  DriverClass :18 - login link is clicked
2022-11-14 18:11:919 INFO  DriverClass :61 - Browser is closed
2022-11-14 18:11:400 INFO  DriverClass :35 - propertyfile is loaded
2022-11-14 18:11:400 INFO  DriverClass :37 - Properyfile is readed
2022-11-14 18:11:292 INFO  DriverClass :50 - Firefox Browser is opened
2022-11-14 18:11:420 INFO  DriverClass :53 - URL is opened
2022-11-14 18:11:762 INFO  DriverClass :18 - login link is clicked
2022-11-14 18:11:309 INFO  DriverClass :36 - I see the error message is  Login was unsuccessful. Please correct the errors and try again.
No customer account found
2022-11-14 18:11:174 INFO  DriverClass :61 - Browser is closed
2022-11-14 18:11:155 INFO  DriverClass :35 - propertyfile is loaded
2022-11-14 18:11:155 INFO  DriverClass :37 - Properyfile is readed
2022-11-14 18:11:270 INFO  DriverClass :50 - Firefox Browser is opened
2022-11-14 18:11:292 INFO  DriverClass :53 - URL is opened
2022-11-14 18:11:426 INFO  DriverClass :18 - login link is clicked
2022-11-14 18:11:426 INFO  DriverClass :23 - LoginPage title nopCommerce demo store. Login is verified
2022-11-14 18:11:442 INFO  DriverClass :119 - Expected URL of page is https://demo.nopcommerce.com/login?returnUrl=%2F
2022-11-14 18:11:442 INFO  DriverClass :120 - Actual URL of page is https://demo.nopcommerce.com/login?returnUrl=%2F
2022-11-14 18:11:442 INFO  DriverClass :26 - URL of login page is https://demo.nopcommerce.com/login?returnUrl=%2F is verified
2022-11-14 18:11:97 INFO  DriverClass :61 - Browser is closed
2022-11-14 18:11:97 INFO  DriverClass :35 - propertyfile is loaded
2022-11-14 18:11:97 INFO  DriverClass :37 - Properyfile is readed
2022-11-14 18:11:763 INFO  DriverClass :50 - Firefox Browser is opened
2022-11-14 18:11:824 INFO  DriverClass :53 - URL is opened
2022-11-14 18:11:312 INFO  DriverClass :18 - login link is clicked
2022-11-14 18:11:781 INFO  DriverClass :36 - I see the error message is  Login was unsuccessful. Please correct the errors and try again.
No customer account found
2022-11-14 18:11:407 INFO  DriverClass :61 - Browser is closed
2022-11-14 18:11:423 INFO  DriverClass :35 - propertyfile is loaded
2022-11-14 18:11:423 INFO  DriverClass :37 - Properyfile is readed
2022-11-14 18:11:201 INFO  DriverClass :50 - Firefox Browser is opened
2022-11-14 18:11:762 INFO  DriverClass :53 - URL is opened
2022-11-14 18:11:731 INFO  DriverClass :18 - login link is clicked
2022-11-14 18:11:226 INFO  DriverClass :36 - I see the error message is  Login was unsuccessful. Please correct the errors and try again.
No customer account found
2022-11-14 18:11:962 INFO  DriverClass :61 - Browser is closed
2022-11-14 18:11:962 INFO  DriverClass :35 - propertyfile is loaded
2022-11-14 18:11:962 INFO  DriverClass :37 - Properyfile is readed
2022-11-14 19:11:754 INFO  DriverClass :50 - Firefox Browser is opened
2022-11-14 19:11:333 INFO  DriverClass :53 - URL is opened
2022-11-14 19:11:853 INFO  DriverClass :18 - login link is clicked
2022-11-14 19:11:378 INFO  DriverClass :36 - I see the error message is  Login was unsuccessful. Please correct the errors and try again.
No customer account found
2022-11-14 19:11:106 INFO  DriverClass :61 - Browser is closed
2022-11-14 19:11:106 INFO  DriverClass :35 - propertyfile is loaded
2022-11-14 19:11:106 INFO  DriverClass :37 - Properyfile is readed
2022-11-14 19:11:919 INFO  DriverClass :50 - Firefox Browser is opened
2022-11-14 19:11:979 INFO  DriverClass :53 - URL is opened
2022-11-14 19:11:505 INFO  DriverClass :18 - login link is clicked
2022-11-14 19:11:08 INFO  DriverClass :36 - I see the error message is  Login was unsuccessful. Please correct the errors and try again.
No customer account found
2022-11-14 19:11:757 INFO  DriverClass :61 - Browser is closed
2022-11-14 19:11:757 INFO  DriverClass :35 - propertyfile is loaded
2022-11-14 19:11:757 INFO  DriverClass :37 - Properyfile is readed
2022-11-14 19:11:718 INFO  DriverClass :50 - Firefox Browser is opened
2022-11-14 19:11:305 INFO  DriverClass :53 - URL is opened
2022-11-14 19:11:818 INFO  DriverClass :18 - login link is clicked
2022-11-14 19:11:296 INFO  DriverClass :36 - I see the error message is  Login was unsuccessful. Please correct the errors and try again.
No customer account found
2022-11-14 19:11:915 INFO  DriverClass :61 - Browser is closed
